# JRE version: OpenJDK Runtime Environment (8.0_242-b01) (build 1.8.0_242-release-1644-b01)
# Java VM: OpenJDK 64-Bit Server VM (25.242-b01 mixed mode windows-amd64 compressed oops)
Heap:
 PSYoungGen      total 293888K, used 22651K [0x00000000d5580000, 0x00000000ecb80000, 0x0000000100000000)
  eden space 263680K, 8% used [0x00000000d5580000,0x00000000d6b9ec70,0x00000000e5700000)
  from space 30208K, 0% used [0x00000000e5700000,0x00000000e5700000,0x00000000e7480000)
  to   space 30720K, 0% used [0x00000000ead80000,0x00000000ead80000,0x00000000ecb80000)
 ParOldGen       total 114688K, used 71531K [0x0000000080000000, 0x0000000087000000, 0x00000000d5580000)
  object space 114688K, 62% used [0x0000000080000000,0x00000000845daeb8,0x0000000087000000)
 Metaspace       used 93956K, capacity 98310K, committed 99368K, reserved 1134592K
  class space    used 12637K, capacity 13473K, committed 13744K, reserved 1048576K
GC Heap History (10 events):
Event: 12.872 GC heap before
{Heap before GC invocations=15 (full 3):
 PSYoungGen      total 234496K, used 5636K [0x00000000d5580000, 0x00000000e5600000, 0x0000000100000000)
  eden space 215552K, 0% used [0x00000000d5580000,0x00000000d5580000,0x00000000e2800000)
  from space 18944K, 29% used [0x00000000e3a00000,0x00000000e3f811b0,0x00000000e4c80000)
  to   space 18432K, 0% used [0x00000000e2800000,0x00000000e2800000,0x00000000e3a00000)
 ParOldGen       total 75264K, used 42026K [0x0000000080000000, 0x0000000084980000, 0x00000000d5580000)
  object space 75264K, 55% used [0x0000000080000000,0x000000008290a830,0x0000000084980000)
 Metaspace       used 56853K, capacity 59064K, committed 59160K, reserved 1099776K
  class space    used 7678K, capacity 8149K, committed 8240K, reserved 1048576K
Event: 13.101 GC heap after
Heap after GC invocations=15 (full 3):
 PSYoungGen      total 234496K, used 0K [0x00000000d5580000, 0x00000000e5600000, 0x0000000100000000)
  eden space 215552K, 0% used [0x00000000d5580000,0x00000000d5580000,0x00000000e2800000)
  from space 18944K, 0% used [0x00000000e3a00000,0x00000000e3a00000,0x00000000e4c80000)
  to   space 18432K, 0% used [0x00000000e2800000,0x00000000e2800000,0x00000000e3a00000)
 ParOldGen       total 114688K, used 32869K [0x0000000080000000, 0x0000000087000000, 0x00000000d5580000)
  object space 114688K, 28% used [0x0000000080000000,0x0000000082019558,0x0000000087000000)
 Metaspace       used 56841K, capacity 59022K, committed 59160K, reserved 1099776K
  class space    used 7674K, capacity 8142K, committed 8240K, reserved 1048576K
}
Event: 17.238 GC heap before
{Heap before GC invocations=16 (full 3):
 PSYoungGen      total 234496K, used 215552K [0x00000000d5580000, 0x00000000e5600000, 0x0000000100000000)
  eden space 215552K, 100% used [0x00000000d5580000,0x00000000e2800000,0x00000000e2800000)
  from space 18944K, 0% used [0x00000000e3a00000,0x00000000e3a00000,0x00000000e4c80000)
  to   space 18432K, 0% used [0x00000000e2800000,0x00000000e2800000,0x00000000e3a00000)
 ParOldGen       total 114688K, used 32869K [0x0000000080000000, 0x0000000087000000, 0x00000000d5580000)
  object space 114688K, 28% used [0x0000000080000000,0x0000000082019558,0x0000000087000000)
 Metaspace       used 66018K, capacity 68836K, committed 69016K, reserved 1107968K
  class space    used 9029K, capacity 9573K, committed 9648K, reserved 1048576K
Event: 17.295 GC heap after
Heap after GC invocations=16 (full 3):
 PSYoungGen      total 233984K, used 18415K [0x00000000d5580000, 0x00000000e8980000, 0x0000000100000000)
  eden space 215552K, 0% used [0x00000000d5580000,0x00000000d5580000,0x00000000e2800000)
  from space 18432K, 99% used [0x00000000e2800000,0x00000000e39fbc88,0x00000000e3a00000)
  to   space 21504K, 0% used [0x00000000e7480000,0x00000000e7480000,0x00000000e8980000)
 ParOldGen       total 114688K, used 33995K [0x0000000080000000, 0x0000000087000000, 0x00000000d5580000)
  object space 114688K, 29% used [0x0000000080000000,0x0000000082132fb8,0x0000000087000000)
 Metaspace       used 66018K, capacity 68836K, committed 69016K, reserved 1107968K
  class space    used 9029K, capacity 9573K, committed 9648K, reserved 1048576K
}
Event: 47.744 GC heap before
{Heap before GC invocations=17 (full 3):
 PSYoungGen      total 233984K, used 233967K [0x00000000d5580000, 0x00000000e8980000, 0x0000000100000000)
  eden space 215552K, 100% used [0x00000000d5580000,0x00000000e2800000,0x00000000e2800000)
  from space 18432K, 99% used [0x00000000e2800000,0x00000000e39fbc88,0x00000000e3a00000)
  to   space 21504K, 0% used [0x00000000e7480000,0x00000000e7480000,0x00000000e8980000)
 ParOldGen       total 114688K, used 33995K [0x0000000080000000, 0x0000000087000000, 0x00000000d5580000)
  object space 114688K, 29% used [0x0000000080000000,0x0000000082132fb8,0x0000000087000000)
 Metaspace       used 78066K, capacity 81254K, committed 81432K, reserved 1120256K
  class space    used 10638K, capacity 11213K, committed 11312K, reserved 1048576K
Event: 47.797 GC heap after
Heap after GC invocations=17 (full 3):
 PSYoungGen      total 285184K, used 21493K [0x00000000d5580000, 0x00000000e9280000, 0x0000000100000000)
  eden space 263680K, 0% used [0x00000000d5580000,0x00000000d5580000,0x00000000e5700000)
  from space 21504K, 99% used [0x00000000e7480000,0x00000000e897d438,0x00000000e8980000)
  to   space 30208K, 0% used [0x00000000e5700000,0x00000000e5700000,0x00000000e7480000)
 ParOldGen       total 114688K, used 48526K [0x0000000080000000, 0x0000000087000000, 0x00000000d5580000)
  object space 114688K, 42% used [0x0000000080000000,0x0000000082f63b48,0x0000000087000000)
 Metaspace       used 78066K, capacity 81254K, committed 81432K, reserved 1120256K
  class space    used 10638K, capacity 11213K, committed 11312K, reserved 1048576K
}
Event: 53.110 GC heap before
{Heap before GC invocations=18 (full 3):
 PSYoungGen      total 285184K, used 280728K [0x00000000d5580000, 0x00000000e9280000, 0x0000000100000000)
  eden space 263680K, 98% used [0x00000000d5580000,0x00000000e52a8e40,0x00000000e5700000)
  from space 21504K, 99% used [0x00000000e7480000,0x00000000e897d438,0x00000000e8980000)
  to   space 30208K, 0% used [0x00000000e5700000,0x00000000e5700000,0x00000000e7480000)
 ParOldGen       total 114688K, used 48526K [0x0000000080000000, 0x0000000087000000, 0x00000000d5580000)
  object space 114688K, 42% used [0x0000000080000000,0x0000000082f63b48,0x0000000087000000)
 Metaspace       used 93717K, capacity 98412K, committed 98600K, reserved 1134592K
  class space    used 12698K, capacity 13622K, committed 13744K, reserved 1048576K
Event: 53.195 GC heap after
Heap after GC invocations=18 (full 3):
 PSYoungGen      total 293888K, used 18007K [0x00000000d5580000, 0x00000000ecb80000, 0x0000000100000000)
  eden space 263680K, 0% used [0x00000000d5580000,0x00000000d5580000,0x00000000e5700000)
  from space 30208K, 59% used [0x00000000e5700000,0x00000000e6895d58,0x00000000e7480000)
  to   space 30720K, 0% used [0x00000000ead80000,0x00000000ead80000,0x00000000ecb80000)
 ParOldGen       total 114688K, used 62935K [0x0000000080000000, 0x0000000087000000, 0x00000000d5580000)
  object space 114688K, 54% used [0x0000000080000000,0x0000000083d75d58,0x0000000087000000)
 Metaspace       used 93717K, capacity 98412K, committed 98600K, reserved 1134592K
  class space    used 12698K, capacity 13622K, committed 13744K, reserved 1048576K
}
Event: 53.195 GC heap before
{Heap before GC invocations=19 (full 4):
 PSYoungGen      total 293888K, used 18007K [0x00000000d5580000, 0x00000000ecb80000, 0x0000000100000000)
  eden space 263680K, 0% used [0x00000000d5580000,0x00000000d5580000,0x00000000e5700000)
  from space 30208K, 59% used [0x00000000e5700000,0x00000000e6895d58,0x00000000e7480000)
  to   space 30720K, 0% used [0x00000000ead80000,0x00000000ead80000,0x00000000ecb80000)
 ParOldGen       total 114688K, used 62935K [0x0000000080000000, 0x0000000087000000, 0x00000000d5580000)
  object space 114688K, 54% used [0x0000000080000000,0x0000000083d75d58,0x0000000087000000)
 Metaspace       used 93717K, capacity 98412K, committed 98600K, reserved 1134592K
  class space    used 12698K, capacity 13622K, committed 13744K, reserved 1048576K
Event: 53.645 GC heap after
Heap after GC invocations=19 (full 4):
 PSYoungGen      total 293888K, used 0K [0x00000000d5580000, 0x00000000ecb80000, 0x0000000100000000)
  eden space 263680K, 0% used [0x00000000d5580000,0x00000000d5580000,0x00000000e5700000)
  from space 30208K, 0% used [0x00000000e5700000,0x00000000e5700000,0x00000000e7480000)
  to   space 30720K, 0% used [0x00000000ead80000,0x00000000ead80000,0x00000000ecb80000)
 ParOldGen       total 114688K, used 71531K [0x0000000080000000, 0x0000000087000000, 0x00000000d5580000)
  object space 114688K, 62% used [0x0000000080000000,0x00000000845daeb8,0x0000000087000000)
 Metaspace       used 93415K, capacity 97660K, committed 98600K, reserved 1134592K
  class space    used 12592K, capacity 13434K, committed 13744K, reserved 1048576K
}

