# JRE version: OpenJDK Runtime Environment (8.0_242-b01) (build 1.8.0_242-release-1644-b01)
# Java VM: OpenJDK 64-Bit Server VM (25.242-b01 mixed mode windows-amd64 compressed oops)
Heap:
 PSYoungGen      total 577024K, used 522413K [0x00000000d5580000, 0x00000000fc600000, 0x0000000100000000)
  eden space 544256K, 93% used [0x00000000d5580000,0x00000000f479f778,0x00000000f6900000)
  from space 32768K, 37% used [0x00000000fa600000,0x00000000fb20bd90,0x00000000fc600000)
  to   space 47616K, 0% used [0x00000000f6900000,0x00000000f6900000,0x00000000f9780000)
 ParOldGen       total 235008K, used 124831K [0x0000000080000000, 0x000000008e580000, 0x00000000d5580000)
  object space 235008K, 53% used [0x0000000080000000,0x00000000879e7d38,0x000000008e580000)
 Metaspace       used 95807K, capacity 101652K, committed 101912K, reserved 1138688K
  class space    used 12522K, capacity 13521K, committed 13616K, reserved 1048576K
GC Heap History (10 events):
Event: 47.224 GC heap before
{Heap before GC invocations=22 (full 3):
 PSYoungGen      total 429056K, used 416746K [0x00000000d5580000, 0x00000000f1d00000, 0x0000000100000000)
  eden space 410112K, 100% used [0x00000000d5580000,0x00000000ee600000,0x00000000ee600000)
  from space 18944K, 35% used [0x00000000f0a80000,0x00000000f10fa860,0x00000000f1d00000)
  to   space 28160K, 0% used [0x00000000ee600000,0x00000000ee600000,0x00000000f0180000)
 ParOldGen       total 113152K, used 76929K [0x0000000080000000, 0x0000000086e80000, 0x00000000d5580000)
  object space 113152K, 67% used [0x0000000080000000,0x0000000084b20400,0x0000000086e80000)
 Metaspace       used 87542K, capacity 92546K, committed 92824K, reserved 1128448K
  class space    used 11937K, capacity 12866K, committed 12976K, reserved 1048576K
Event: 47.272 GC heap after
Heap after GC invocations=22 (full 3):
 PSYoungGen      total 438272K, used 7015K [0x00000000d5580000, 0x00000000f5a00000, 0x0000000100000000)
  eden space 410112K, 0% used [0x00000000d5580000,0x00000000d5580000,0x00000000ee600000)
  from space 28160K, 24% used [0x00000000ee600000,0x00000000eecd9d80,0x00000000f0180000)
  to   space 27136K, 0% used [0x00000000f3f80000,0x00000000f3f80000,0x00000000f5a00000)
 ParOldGen       total 113152K, used 76929K [0x0000000080000000, 0x0000000086e80000, 0x00000000d5580000)
  object space 113152K, 67% used [0x0000000080000000,0x0000000084b20400,0x0000000086e80000)
 Metaspace       used 87542K, capacity 92546K, committed 92824K, reserved 1128448K
  class space    used 11937K, capacity 12866K, committed 12976K, reserved 1048576K
}
Event: 50.665 GC heap before
{Heap before GC invocations=23 (full 3):
 PSYoungGen      total 438272K, used 417127K [0x00000000d5580000, 0x00000000f5a00000, 0x0000000100000000)
  eden space 410112K, 100% used [0x00000000d5580000,0x00000000ee600000,0x00000000ee600000)
  from space 28160K, 24% used [0x00000000ee600000,0x00000000eecd9d80,0x00000000f0180000)
  to   space 27136K, 0% used [0x00000000f3f80000,0x00000000f3f80000,0x00000000f5a00000)
 ParOldGen       total 113152K, used 76929K [0x0000000080000000, 0x0000000086e80000, 0x00000000d5580000)
  object space 113152K, 67% used [0x0000000080000000,0x0000000084b20400,0x0000000086e80000)
 Metaspace       used 88642K, capacity 93910K, committed 94232K, reserved 1130496K
  class space    used 12049K, capacity 13016K, committed 13104K, reserved 1048576K
Event: 51.434 GC heap after
Heap after GC invocations=23 (full 3):
 PSYoungGen      total 481280K, used 27114K [0x00000000d5580000, 0x00000000fad00000, 0x0000000100000000)
  eden space 454144K, 0% used [0x00000000d5580000,0x00000000d5580000,0x00000000f1100000)
  from space 27136K, 99% used [0x00000000f3f80000,0x00000000f59fa8b0,0x00000000f5a00000)
  to   space 47616K, 0% used [0x00000000f1100000,0x00000000f1100000,0x00000000f3f80000)
 ParOldGen       total 120320K, used 120178K [0x0000000080000000, 0x0000000087580000, 0x00000000d5580000)
  object space 120320K, 99% used [0x0000000080000000,0x000000008755c8a0,0x0000000087580000)
 Metaspace       used 88642K, capacity 93910K, committed 94232K, reserved 1130496K
  class space    used 12049K, capacity 13016K, committed 13104K, reserved 1048576K
}
Event: 51.435 GC heap before
{Heap before GC invocations=24 (full 4):
 PSYoungGen      total 481280K, used 27114K [0x00000000d5580000, 0x00000000fad00000, 0x0000000100000000)
  eden space 454144K, 0% used [0x00000000d5580000,0x00000000d5580000,0x00000000f1100000)
  from space 27136K, 99% used [0x00000000f3f80000,0x00000000f59fa8b0,0x00000000f5a00000)
  to   space 47616K, 0% used [0x00000000f1100000,0x00000000f1100000,0x00000000f3f80000)
 ParOldGen       total 120320K, used 120178K [0x0000000080000000, 0x0000000087580000, 0x00000000d5580000)
  object space 120320K, 99% used [0x0000000080000000,0x000000008755c8a0,0x0000000087580000)
 Metaspace       used 88642K, capacity 93910K, committed 94232K, reserved 1130496K
  class space    used 12049K, capacity 13016K, committed 13104K, reserved 1048576K
Event: 53.518 GC heap after
Heap after GC invocations=24 (full 4):
 PSYoungGen      total 481280K, used 8673K [0x00000000d5580000, 0x00000000fad00000, 0x0000000100000000)
  eden space 454144K, 0% used [0x00000000d5580000,0x00000000d5580000,0x00000000f1100000)
  from space 27136K, 31% used [0x00000000f3f80000,0x00000000f47f85e8,0x00000000f5a00000)
  to   space 47616K, 0% used [0x00000000f1100000,0x00000000f1100000,0x00000000f3f80000)
 ParOldGen       total 235008K, used 119808K [0x0000000080000000, 0x000000008e580000, 0x00000000d5580000)
  object space 235008K, 50% used [0x0000000080000000,0x00000000875002b8,0x000000008e580000)
 Metaspace       used 88193K, capacity 92808K, committed 94232K, reserved 1130496K
  class space    used 11889K, capacity 12733K, committed 13104K, reserved 1048576K
}
Event: 90.465 GC heap before
{Heap before GC invocations=25 (full 4):
 PSYoungGen      total 481280K, used 462817K [0x00000000d5580000, 0x00000000fad00000, 0x0000000100000000)
  eden space 454144K, 100% used [0x00000000d5580000,0x00000000f1100000,0x00000000f1100000)
  from space 27136K, 31% used [0x00000000f3f80000,0x00000000f47f85e8,0x00000000f5a00000)
  to   space 47616K, 0% used [0x00000000f1100000,0x00000000f1100000,0x00000000f3f80000)
 ParOldGen       total 235008K, used 119808K [0x0000000080000000, 0x000000008e580000, 0x00000000d5580000)
  object space 235008K, 50% used [0x0000000080000000,0x00000000875002b8,0x000000008e580000)
 Metaspace       used 93383K, capacity 98156K, committed 98968K, reserved 1134592K
  class space    used 12332K, capacity 13219K, committed 13488K, reserved 1048576K
Event: 90.599 GC heap after
Heap after GC invocations=25 (full 4):
 PSYoungGen      total 501760K, used 30969K [0x00000000d5580000, 0x00000000fd680000, 0x0000000100000000)
  eden space 454144K, 0% used [0x00000000d5580000,0x00000000d5580000,0x00000000f1100000)
  from space 47616K, 65% used [0x00000000f1100000,0x00000000f2f3e5c8,0x00000000f3f80000)
  to   space 49664K, 0% used [0x00000000fa600000,0x00000000fa600000,0x00000000fd680000)
 ParOldGen       total 235008K, used 119840K [0x0000000080000000, 0x000000008e580000, 0x00000000d5580000)
  object space 235008K, 50% used [0x0000000080000000,0x00000000875082b8,0x000000008e580000)
 Metaspace       used 93383K, capacity 98156K, committed 98968K, reserved 1134592K
  class space    used 12332K, capacity 13219K, committed 13488K, reserved 1048576K
}
Event: 580.553 GC heap before
{Heap before GC invocations=26 (full 4):
 PSYoungGen      total 501760K, used 485113K [0x00000000d5580000, 0x00000000fd680000, 0x0000000100000000)
  eden space 454144K, 100% used [0x00000000d5580000,0x00000000f1100000,0x00000000f1100000)
  from space 47616K, 65% used [0x00000000f1100000,0x00000000f2f3e5c8,0x00000000f3f80000)
  to   space 49664K, 0% used [0x00000000fa600000,0x00000000fa600000,0x00000000fd680000)
 ParOldGen       total 235008K, used 119840K [0x0000000080000000, 0x000000008e580000, 0x00000000d5580000)
  object space 235008K, 50% used [0x0000000080000000,0x00000000875082b8,0x000000008e580000)
 Metaspace       used 94844K, capacity 99932K, committed 100248K, reserved 1136640K
  class space    used 12409K, capacity 13323K, committed 13488K, reserved 1048576K
Event: 580.587 GC heap after
Heap after GC invocations=26 (full 4):
 PSYoungGen      total 577024K, used 12335K [0x00000000d5580000, 0x00000000fc600000, 0x0000000100000000)
  eden space 544256K, 0% used [0x00000000d5580000,0x00000000d5580000,0x00000000f6900000)
  from space 32768K, 37% used [0x00000000fa600000,0x00000000fb20bd90,0x00000000fc600000)
  to   space 47616K, 0% used [0x00000000f6900000,0x00000000f6900000,0x00000000f9780000)
 ParOldGen       total 235008K, used 124831K [0x0000000080000000, 0x000000008e580000, 0x00000000d5580000)
  object space 235008K, 53% used [0x0000000080000000,0x00000000879e7d38,0x000000008e580000)
 Metaspace       used 94844K, capacity 99932K, committed 100248K, reserved 1136640K
  class space    used 12409K, capacity 13323K, committed 13488K, reserved 1048576K
}

