# JRE version: OpenJDK Runtime Environment (8.0_242-b01) (build 1.8.0_242-release-1644-b01)
# Java VM: OpenJDK 64-Bit Server VM (25.242-b01 mixed mode windows-amd64 compressed oops)
Heap:
 PSYoungGen      total 255488K, used 56858K [0x00000000d5580000, 0x00000000e8b80000, 0x0000000100000000)
  eden space 225792K, 25% used [0x00000000d5580000,0x00000000d8d06ac0,0x00000000e3200000)
  from space 29696K, 0% used [0x00000000e4f80000,0x00000000e4f80000,0x00000000e6c80000)
  to   space 30208K, 0% used [0x00000000e3200000,0x00000000e3200000,0x00000000e4f80000)
 ParOldGen       total 198656K, used 57449K [0x0000000080000000, 0x000000008c200000, 0x00000000d5580000)
  object space 198656K, 28% used [0x0000000080000000,0x000000008381a530,0x000000008c200000)
 Metaspace       used 92227K, capacity 95730K, committed 98764K, reserved 1134592K
  class space    used 12063K, capacity 12812K, committed 13440K, reserved 1048576K
GC Heap History (10 events):
Event: 26.165 GC heap before
{Heap before GC invocations=18 (full 3):
 PSYoungGen      total 218624K, used 218616K [0x00000000d5580000, 0x00000000e4900000, 0x0000000100000000)
  eden space 198656K, 100% used [0x00000000d5580000,0x00000000e1780000,0x00000000e1780000)
  from space 19968K, 99% used [0x00000000e2f00000,0x00000000e427e198,0x00000000e4280000)
  to   space 24064K, 0% used [0x00000000e1780000,0x00000000e1780000,0x00000000e2f00000)
 ParOldGen       total 131072K, used 36717K [0x0000000080000000, 0x0000000088000000, 0x00000000d5580000)
  object space 131072K, 28% used [0x0000000080000000,0x00000000823db4c0,0x0000000088000000)
 Metaspace       used 85179K, capacity 89226K, committed 89432K, reserved 1126400K
  class space    used 11513K, capacity 12304K, committed 12416K, reserved 1048576K
Event: 26.209 GC heap after
Heap after GC invocations=18 (full 3):
 PSYoungGen      total 222720K, used 19041K [0x00000000d5580000, 0x00000000e7200000, 0x0000000100000000)
  eden space 198656K, 0% used [0x00000000d5580000,0x00000000d5580000,0x00000000e1780000)
  from space 24064K, 79% used [0x00000000e1780000,0x00000000e2a18598,0x00000000e2f00000)
  to   space 25600K, 0% used [0x00000000e5900000,0x00000000e5900000,0x00000000e7200000)
 ParOldGen       total 131072K, used 54279K [0x0000000080000000, 0x0000000088000000, 0x00000000d5580000)
  object space 131072K, 41% used [0x0000000080000000,0x0000000083501fa0,0x0000000088000000)
 Metaspace       used 85179K, capacity 89226K, committed 89432K, reserved 1126400K
  class space    used 11513K, capacity 12304K, committed 12416K, reserved 1048576K
}
Event: 60.237 GC heap before
{Heap before GC invocations=19 (full 3):
 PSYoungGen      total 222720K, used 217697K [0x00000000d5580000, 0x00000000e7200000, 0x0000000100000000)
  eden space 198656K, 100% used [0x00000000d5580000,0x00000000e1780000,0x00000000e1780000)
  from space 24064K, 79% used [0x00000000e1780000,0x00000000e2a18598,0x00000000e2f00000)
  to   space 25600K, 0% used [0x00000000e5900000,0x00000000e5900000,0x00000000e7200000)
 ParOldGen       total 131072K, used 54279K [0x0000000080000000, 0x0000000088000000, 0x00000000d5580000)
  object space 131072K, 41% used [0x0000000080000000,0x0000000083501fa0,0x0000000088000000)
 Metaspace       used 91468K, capacity 96116K, committed 96344K, reserved 1132544K
  class space    used 12151K, capacity 13075K, committed 13184K, reserved 1048576K
Event: 60.346 GC heap after
Heap after GC invocations=19 (full 3):
 PSYoungGen      total 260096K, used 25592K [0x00000000d5580000, 0x00000000e7580000, 0x0000000100000000)
  eden space 234496K, 0% used [0x00000000d5580000,0x00000000d5580000,0x00000000e3a80000)
  from space 25600K, 99% used [0x00000000e5900000,0x00000000e71fe110,0x00000000e7200000)
  to   space 30208K, 0% used [0x00000000e3a80000,0x00000000e3a80000,0x00000000e5800000)
 ParOldGen       total 131072K, used 56161K [0x0000000080000000, 0x0000000088000000, 0x00000000d5580000)
  object space 131072K, 42% used [0x0000000080000000,0x00000000836d86e8,0x0000000088000000)
 Metaspace       used 91468K, capacity 96116K, committed 96344K, reserved 1132544K
  class space    used 12151K, capacity 13075K, committed 13184K, reserved 1048576K
}
Event: 2108.369 GC heap before
{Heap before GC invocations=20 (full 3):
 PSYoungGen      total 260096K, used 260088K [0x00000000d5580000, 0x00000000e7580000, 0x0000000100000000)
  eden space 234496K, 100% used [0x00000000d5580000,0x00000000e3a80000,0x00000000e3a80000)
  from space 25600K, 99% used [0x00000000e5900000,0x00000000e71fe110,0x00000000e7200000)
  to   space 30208K, 0% used [0x00000000e3a80000,0x00000000e3a80000,0x00000000e5800000)
 ParOldGen       total 131072K, used 56161K [0x0000000080000000, 0x0000000088000000, 0x00000000d5580000)
  object space 131072K, 42% used [0x0000000080000000,0x00000000836d86e8,0x0000000088000000)
 Metaspace       used 92480K, capacity 97324K, committed 97624K, reserved 1134592K
  class space    used 12190K, capacity 13127K, committed 13184K, reserved 1048576K
Event: 2108.525 GC heap after
Heap after GC invocations=20 (full 3):
 PSYoungGen      total 233472K, used 6912K [0x00000000d5580000, 0x00000000e6c80000, 0x0000000100000000)
  eden space 226304K, 0% used [0x00000000d5580000,0x00000000d5580000,0x00000000e3280000)
  from space 7168K, 96% used [0x00000000e3a80000,0x00000000e4140020,0x00000000e4180000)
  to   space 29696K, 0% used [0x00000000e4f80000,0x00000000e4f80000,0x00000000e6c80000)
 ParOldGen       total 131072K, used 73895K [0x0000000080000000, 0x0000000088000000, 0x00000000d5580000)
  object space 131072K, 56% used [0x0000000080000000,0x0000000084829f28,0x0000000088000000)
 Metaspace       used 92480K, capacity 97324K, committed 97624K, reserved 1134592K
  class space    used 12190K, capacity 13127K, committed 13184K, reserved 1048576K
}
Event: 2109.557 GC heap before
{Heap before GC invocations=21 (full 3):
 PSYoungGen      total 233472K, used 46353K [0x00000000d5580000, 0x00000000e6c80000, 0x0000000100000000)
  eden space 226304K, 17% used [0x00000000d5580000,0x00000000d7c046a0,0x00000000e3280000)
  from space 7168K, 96% used [0x00000000e3a80000,0x00000000e4140020,0x00000000e4180000)
  to   space 29696K, 0% used [0x00000000e4f80000,0x00000000e4f80000,0x00000000e6c80000)
 ParOldGen       total 131072K, used 73895K [0x0000000080000000, 0x0000000088000000, 0x00000000d5580000)
  object space 131072K, 56% used [0x0000000080000000,0x0000000084829f28,0x0000000088000000)
 Metaspace       used 93518K, capacity 98326K, committed 98380K, reserved 1134592K
  class space    used 12326K, capacity 13308K, committed 13312K, reserved 1048576K
Event: 2109.587 GC heap after
Heap after GC invocations=21 (full 3):
 PSYoungGen      total 255488K, used 19402K [0x00000000d5580000, 0x00000000e8b80000, 0x0000000100000000)
  eden space 225792K, 0% used [0x00000000d5580000,0x00000000d5580000,0x00000000e3200000)
  from space 29696K, 65% used [0x00000000e4f80000,0x00000000e62729a8,0x00000000e6c80000)
  to   space 30208K, 0% used [0x00000000e3200000,0x00000000e3200000,0x00000000e4f80000)
 ParOldGen       total 131072K, used 73903K [0x0000000080000000, 0x0000000088000000, 0x00000000d5580000)
  object space 131072K, 56% used [0x0000000080000000,0x000000008482bf28,0x0000000088000000)
 Metaspace       used 93518K, capacity 98326K, committed 98380K, reserved 1134592K
  class space    used 12326K, capacity 13308K, committed 13312K, reserved 1048576K
}
Event: 2109.587 GC heap before
{Heap before GC invocations=22 (full 4):
 PSYoungGen      total 255488K, used 19402K [0x00000000d5580000, 0x00000000e8b80000, 0x0000000100000000)
  eden space 225792K, 0% used [0x00000000d5580000,0x00000000d5580000,0x00000000e3200000)
  from space 29696K, 65% used [0x00000000e4f80000,0x00000000e62729a8,0x00000000e6c80000)
  to   space 30208K, 0% used [0x00000000e3200000,0x00000000e3200000,0x00000000e4f80000)
 ParOldGen       total 131072K, used 73903K [0x0000000080000000, 0x0000000088000000, 0x00000000d5580000)
  object space 131072K, 56% used [0x0000000080000000,0x000000008482bf28,0x0000000088000000)
 Metaspace       used 93518K, capacity 98326K, committed 98380K, reserved 1134592K
  class space    used 12326K, capacity 13308K, committed 13312K, reserved 1048576K
Event: 2110.414 GC heap after
Heap after GC invocations=22 (full 4):
 PSYoungGen      total 255488K, used 0K [0x00000000d5580000, 0x00000000e8b80000, 0x0000000100000000)
  eden space 225792K, 0% used [0x00000000d5580000,0x00000000d5580000,0x00000000e3200000)
  from space 29696K, 0% used [0x00000000e4f80000,0x00000000e4f80000,0x00000000e6c80000)
  to   space 30208K, 0% used [0x00000000e3200000,0x00000000e3200000,0x00000000e4f80000)
 ParOldGen       total 198656K, used 57449K [0x0000000080000000, 0x000000008c200000, 0x00000000d5580000)
  object space 198656K, 28% used [0x0000000080000000,0x000000008381a530,0x000000008c200000)
 Metaspace       used 91928K, capacity 95392K, committed 98380K, reserved 1134592K
  class space    used 12017K, capacity 12745K, committed 13312K, reserved 1048576K
}

